Build started 16/10/2015 12:53:15.
     1>Project "C:\Subjects\Artificial Intelligence For Games\Labs\Flock\Boids\Boids.vcxproj" on node 2 (Build target(s)).
     1>C:\Program Files (x86)\MSBuild\Microsoft.Cpp\v4.0\V120\Microsoft.CppBuild.targets(381,5): warning MSB8028: The intermediate directory (Debug\) contains files shared from another project (Boids.vcxproj, Swarm.vcxproj).  This can lead to incorrect clean and rebuild behavior.
     1>ClCompile:
         C:\Program Files (x86)\Microsoft Visual Studio 12.0\VC\bin\CL.exe /c /I"C:\SFML-2.3.2\include" /ZI /nologo /W3 /WX- /sdl /Od /Oy- /D _MBCS /Gm /EHsc /RTC1 /MDd /GS /fp:precise /Zc:wchar_t /Zc:forScope /Fo"Debug\\" /Fd"Debug\vc120.pdb" /Gd /TP /analyze- /errorReport:prompt Boid.cpp
         Boid.cpp
     1>c:\subjects\artificial intelligence for games\labs\flock\boids\boid.h(42): warning C4244: 'argument' : conversion from 'int' to 'float', possible loss of data
     1>c:\subjects\artificial intelligence for games\labs\flock\boids\boid.h(53): warning C4244: 'argument' : conversion from 'int' to 'float', possible loss of data
     1>c:\subjects\artificial intelligence for games\labs\flock\boids\boid.h(57): warning C4244: 'argument' : conversion from 'int' to 'float', possible loss of data
     1>c:\subjects\artificial intelligence for games\labs\flock\boids\boid.cpp(45): warning C4018: '<' : signed/unsigned mismatch
     1>c:\subjects\artificial intelligence for games\labs\flock\boids\boid.cpp(108): warning C4018: '<' : signed/unsigned mismatch
     1>c:\subjects\artificial intelligence for games\labs\flock\boids\boid.cpp(147): warning C4018: '<' : signed/unsigned mismatch
     1>c:\subjects\artificial intelligence for games\labs\flock\boids\boid.cpp(158): warning C4244: 'argument' : conversion from 'int' to 'float', possible loss of data
     1>c:\subjects\artificial intelligence for games\labs\flock\boids\boid.cpp(186): warning C4305: 'argument' : truncation from 'double' to 'float'
     1>c:\subjects\artificial intelligence for games\labs\flock\boids\boid.cpp(262): warning C4018: '<' : signed/unsigned mismatch
     1>c:\subjects\artificial intelligence for games\labs\flock\boids\boid.cpp(279): warning C4244: 'argument' : conversion from 'int' to 'float', possible loss of data
       Link:
         C:\Program Files (x86)\Microsoft Visual Studio 12.0\VC\bin\link.exe /ERRORREPORT:PROMPT /OUT:"C:\Subjects\Artificial Intelligence For Games\Labs\Flock\Debug\Flock.exe" /INCREMENTAL /NOLOGO /LIBPATH:"C:\SFML-2.3.2\lib" "sfml-graphics-d.lib" "sfml-window-d.lib" "sfml-system-d.lib" kernel32.lib user32.lib gdi32.lib winspool.lib comdlg32.lib advapi32.lib shell32.lib ole32.lib oleaut32.lib uuid.lib odbc32.lib odbccp32.lib /MANIFEST /MANIFESTUAC:"level='asInvoker' uiAccess='false'" /manifest:embed /DEBUG /PDB:"C:\Subjects\Artificial Intelligence For Games\Labs\Flock\Debug\Flock.pdb" /TLBID:1 /DYNAMICBASE /NXCOMPAT /IMPLIB:"C:\Subjects\Artificial Intelligence For Games\Labs\Flock\Debug\Flock.lib" /MACHINE:X86 Debug\Boid.obj
         Debug\Flock.obj
         Debug\main.obj
         Debug\Pvector.obj
         Boids.vcxproj -> C:\Subjects\Artificial Intelligence For Games\Labs\Flock\Debug\Flock.exe
     1>Done Building Project "C:\Subjects\Artificial Intelligence For Games\Labs\Flock\Boids\Boids.vcxproj" (Build target(s)).

Build succeeded.

Time Elapsed 00:00:00.79
