c:\subjects\artificial intelligence for games\labs\flock\boids\debug\vc120.pdb
c:\subjects\artificial intelligence for games\labs\flock\boids\debug\vc120.idb
c:\subjects\artificial intelligence for games\labs\flock\boids\debug\boid.obj
c:\subjects\artificial intelligence for games\labs\flock\boids\debug\flock.obj
c:\subjects\artificial intelligence for games\labs\flock\boids\debug\main.obj
c:\subjects\artificial intelligence for games\labs\flock\boids\debug\pvector.obj
c:\subjects\artificial intelligence for games\project\asteroid wars\boids\debug\vc120.pdb
c:\subjects\artificial intelligence for games\project\asteroid wars\boids\debug\vc120.idb
c:\subjects\artificial intelligence for games\project\asteroid wars\boids\debug\inputmanager.obj
c:\subjects\artificial intelligence for games\project\asteroid wars\boids\debug\playership.obj
c:\subjects\artificial intelligence for games\project\asteroid wars\boids\debug\spaceship.obj
c:\subjects\artificial intelligence for games\project\asteroid wars\boids\debug\tiledbackground.obj
c:\subjects\artificial intelligence for games\project\asteroid wars\boids\debug\main.obj
c:\subjects\artificial intelligence for games\project\asteroid wars\boids\debug\bullet.obj
c:\subjects\artificial intelligence for games\project\asteroid wars\boids\debug\boid.obj
c:\subjects\artificial intelligence for games\project\asteroid wars\boids\debug\flock.obj
c:\subjects\artificial intelligence for games\project\asteroid wars\boids\debug\pvector.obj
c:\subjects\artificial intelligence for games\project\asteroid wars\boids\debug\swarm.obj
c:\subjects\artificial intelligence for games\project\asteroid wars\boids\debug\swarmship.obj
c:\subjects\artificial intelligence for games\labs\flock\debug\flock.ilk
c:\subjects\artificial intelligence for games\labs\flock\debug\flock.exe
c:\subjects\artificial intelligence for games\labs\flock\debug\flock.pdb
c:\subjects\artificial intelligence for games\project\asteroid wars\debug\flock.ilk
c:\subjects\artificial intelligence for games\project\asteroid wars\debug\flock.exe
c:\subjects\artificial intelligence for games\project\asteroid wars\debug\flock.pdb
c:\subjects\artificial intelligence for games\project\asteroid wars\boids\debug\flock.tlog\cl.command.1.tlog
c:\subjects\artificial intelligence for games\project\asteroid wars\boids\debug\flock.tlog\cl.read.1.tlog
c:\subjects\artificial intelligence for games\project\asteroid wars\boids\debug\flock.tlog\cl.write.1.tlog
c:\subjects\artificial intelligence for games\project\asteroid wars\boids\debug\flock.tlog\link.command.1.tlog
c:\subjects\artificial intelligence for games\project\asteroid wars\boids\debug\flock.tlog\link.read.1.tlog
c:\subjects\artificial intelligence for games\project\asteroid wars\boids\debug\flock.tlog\link.write.1.tlog
