Build started 14/01/2016 17:14:30.
     1>Project "C:\Subjects\Artificial Intelligence For Games\Project\Asteroid Wars\Boids\Boids.vcxproj" on node 2 (Build target(s)).
     1>ClCompile:
         C:\Program Files (x86)\Microsoft Visual Studio 12.0\VC\bin\CL.exe /c /I"C:\SFML-2.3.2\include" /Zi /nologo /W3 /WX- /sdl /O2 /Oi /Oy- /GL /D _MBCS /Gm- /EHsc /MD /GS /Gy /fp:precise /Zc:wchar_t /Zc:forScope /Fo"Release\\" /Fd"Release\vc120.pdb" /Gd /TP /analyze- /errorReport:prompt SwarmShip.cpp
         SwarmShip.cpp
     1>SwarmShip.cpp(38): warning C4305: 'argument' : truncation from 'double' to 'float'
     1>SwarmShip.cpp(71): warning C4018: '<' : signed/unsigned mismatch
     1>SwarmShip.cpp(99): warning C4244: 'argument' : conversion from 'int' to 'float', possible loss of data
       Link:
         C:\Program Files (x86)\Microsoft Visual Studio 12.0\VC\bin\link.exe /ERRORREPORT:PROMPT /OUT:"C:\Subjects\Artificial Intelligence For Games\Project\Asteroid Wars\Release\Flock.exe" /NOLOGO /LIBPATH:"C:\SFML-2.3.2\lib" "sfml-graphics.lib" "sfml-window.lib" "sfml-system.lib" kernel32.lib user32.lib gdi32.lib winspool.lib comdlg32.lib advapi32.lib shell32.lib ole32.lib oleaut32.lib uuid.lib odbc32.lib odbccp32.lib /MANIFEST /MANIFESTUAC:"level='asInvoker' uiAccess='false'" /manifest:embed /DEBUG /PDB:"C:\Subjects\Artificial Intelligence For Games\Project\Asteroid Wars\Release\Flock.pdb" /OPT:REF /OPT:ICF /LTCG /TLBID:1 /DYNAMICBASE /NXCOMPAT /IMPLIB:"C:\Subjects\Artificial Intelligence For Games\Project\Asteroid Wars\Release\Flock.lib" /MACHINE:X86 /SAFESEH Release\Boid.obj
         Release\Bullet.obj
         Release\Flock.obj
         Release\InputManager.obj
         Release\Playership.obj
         Release\Pvector.obj
         Release\Spaceship.obj
         Release\Swarm.obj
         Release\tiledBackground.obj
         Release\main.obj
         Release\SwarmShip.obj
         Generating code
         Finished generating code
         Boids.vcxproj -> C:\Subjects\Artificial Intelligence For Games\Project\Asteroid Wars\Release\Flock.exe
     1>Done Building Project "C:\Subjects\Artificial Intelligence For Games\Project\Asteroid Wars\Boids\Boids.vcxproj" (Build target(s)).

Build succeeded.

Time Elapsed 00:00:01.28
