c:\subjects\artificial intelligence for games\labs\flock\boids\release\vc120.pdb
c:\subjects\artificial intelligence for games\labs\flock\boids\release\pvector.obj
c:\subjects\artificial intelligence for games\labs\flock\boids\release\main.obj
c:\subjects\artificial intelligence for games\labs\flock\boids\release\flock.obj
c:\subjects\artificial intelligence for games\labs\flock\boids\release\boid.obj
c:\subjects\artificial intelligence for games\project\project\boids\release\vc120.pdb
c:\subjects\artificial intelligence for games\project\project\boids\release\pvector.obj
c:\subjects\artificial intelligence for games\project\project\boids\release\main.obj
c:\subjects\artificial intelligence for games\project\project\boids\release\flock.obj
c:\subjects\artificial intelligence for games\project\project\boids\release\boid.obj
c:\subjects\artificial intelligence for games\labs\flock\release\flock.exe
c:\subjects\artificial intelligence for games\labs\flock\release\flock.pdb
c:\subjects\artificial intelligence for games\project\project\release\flock.exe
c:\subjects\artificial intelligence for games\project\project\release\flock.pdb
c:\subjects\artificial intelligence for games\project\project\boids\release\flock.tlog\cl.command.1.tlog
c:\subjects\artificial intelligence for games\project\project\boids\release\flock.tlog\cl.read.1.tlog
c:\subjects\artificial intelligence for games\project\project\boids\release\flock.tlog\cl.write.1.tlog
c:\subjects\artificial intelligence for games\project\project\boids\release\flock.tlog\link.command.1.tlog
c:\subjects\artificial intelligence for games\project\project\boids\release\flock.tlog\link.read.1.tlog
c:\subjects\artificial intelligence for games\project\project\boids\release\flock.tlog\link.write.1.tlog
